c:\users\tonsa\source\repos\opengl\opengl\x64\debug\vc143.pdb
c:\users\tonsa\source\repos\opengl\opengl\x64\debug\vc143.idb
c:\users\tonsa\source\repos\opengl\opengl\x64\debug\glad.obj
c:\users\tonsa\source\repos\opengl\opengl\x64\debug\stb_image.obj
c:\users\tonsa\source\repos\opengl\opengl\x64\debug\shader.obj
c:\users\tonsa\source\repos\opengl\opengl\x64\debug\model.obj
c:\users\tonsa\source\repos\opengl\opengl\x64\debug\mesh.obj
c:\users\tonsa\source\repos\opengl\opengl\x64\debug\main.obj
c:\users\tonsa\source\repos\opengl\opengl\x64\debug\camera.obj
c:\users\tonsa\source\repos\opengl\opengl\x64\debug\opengl.res
c:\users\tonsa\source\repos\opengl\x64\debug\opengl.pdb
c:\users\tonsa\source\repos\opengl\opengl\x64\debug\opengl.tlog\cl.command.1.tlog
c:\users\tonsa\source\repos\opengl\opengl\x64\debug\opengl.tlog\cl.read.1.tlog
c:\users\tonsa\source\repos\opengl\opengl\x64\debug\opengl.tlog\cl.write.1.tlog
c:\users\tonsa\source\repos\opengl\opengl\x64\debug\opengl.tlog\link-cvtres.read.1.tlog
c:\users\tonsa\source\repos\opengl\opengl\x64\debug\opengl.tlog\link-cvtres.write.1.tlog
c:\users\tonsa\source\repos\opengl\opengl\x64\debug\opengl.tlog\link-rc.read.1.tlog
c:\users\tonsa\source\repos\opengl\opengl\x64\debug\opengl.tlog\link-rc.write.1.tlog
c:\users\tonsa\source\repos\opengl\opengl\x64\debug\opengl.tlog\link.command.1.tlog
c:\users\tonsa\source\repos\opengl\opengl\x64\debug\opengl.tlog\link.read.1.tlog
c:\users\tonsa\source\repos\opengl\opengl\x64\debug\opengl.tlog\link.read.2.tlog
c:\users\tonsa\source\repos\opengl\opengl\x64\debug\opengl.tlog\link.write.1.tlog
c:\users\tonsa\source\repos\opengl\opengl\x64\debug\opengl.tlog\rc.command.1.tlog
c:\users\tonsa\source\repos\opengl\opengl\x64\debug\opengl.tlog\rc.read.1.tlog
c:\users\tonsa\source\repos\opengl\opengl\x64\debug\opengl.tlog\rc.write.1.tlog
